<?xml version="1.0" encoding="UTF-8"?>
<testng-results ignored="0" total="1" passed="1" failed="0" skipped="0">
  <reporter-output>
  </reporter-output>
  <suite started-at="2025-07-17T20:09:27 IST" name="Default suite" finished-at="2025-07-17T20:09:40 IST" duration-ms="13802">
    <groups>
    </groups>
    <test started-at="2025-07-17T20:09:27 IST" name="Default test" finished-at="2025-07-17T20:09:40 IST" duration-ms="13802">
      <class name="ComprehensiveAssignment.SDETBasic_Naresh.VerifyLogoFirefoxTest">
        <test-method is-config="true" signature="setUp()[pri:0, instance:ComprehensiveAssignment.SDETBasic_Naresh.VerifyLogoFirefoxTest@5b247367]" started-at="2025-07-17T20:09:27 IST" name="setUp" finished-at="2025-07-17T20:09:30 IST" duration-ms="2927" status="PASS">
          <reporter-output>
          </reporter-output>
        </test-method> <!-- setUp -->
        <test-method is-config="true" signature="setUpFirefox()[pri:0, instance:ComprehensiveAssignment.SDETBasic_Naresh.VerifyLogoFirefoxTest@5b247367]" started-at="2025-07-17T20:09:30 IST" name="setUpFirefox" finished-at="2025-07-17T20:09:35 IST" duration-ms="5117" status="PASS">
          <reporter-output>
          </reporter-output>
        </test-method> <!-- setUpFirefox -->
        <test-method signature="testLogoPresenceOnFirefox()[pri:0, instance:ComprehensiveAssignment.SDETBasic_Naresh.VerifyLogoFirefoxTest@5b247367]" started-at="2025-07-17T20:09:35 IST" name="testLogoPresenceOnFirefox" finished-at="2025-07-17T20:09:39 IST" duration-ms="4363" status="PASS">
          <reporter-output>
          </reporter-output>
        </test-method> <!-- testLogoPresenceOnFirefox -->
        <test-method is-config="true" signature="tearDown()[pri:0, instance:ComprehensiveAssignment.SDETBasic_Naresh.VerifyLogoFirefoxTest@5b247367]" started-at="2025-07-17T20:09:39 IST" name="tearDown" finished-at="2025-07-17T20:09:40 IST" duration-ms="1316" status="PASS">
          <reporter-output>
          </reporter-output>
        </test-method> <!-- tearDown -->
      </class> <!-- ComprehensiveAssignment.SDETBasic_Naresh.VerifyLogoFirefoxTest -->
    </test> <!-- Default test -->
  </suite> <!-- Default suite -->
</testng-results>
