<?xml version="1.0" encoding="UTF-8"?>
<!-- Generated by org.testng.reporters.JUnitReportReporter -->
<testsuite hostname="DESKTOP-76NJ7DA" failures="0" tests="1" name="ComprehensiveAssignment.SDETBasic_Naresh.VerifyLogoFirefoxTest" time="13.723" errors="0" timestamp="2025-07-17T20:09:41 IST" skipped="0">
  <testcase classname="ComprehensiveAssignment.SDETBasic_Naresh.VerifyLogoFirefoxTest" name="testLogoPresenceOnFirefox" time="13.723"/>
</testsuite> <!-- ComprehensiveAssignment.SDETBasic_Naresh.VerifyLogoFirefoxTest -->
